<?xml version="1.0" encoding="UTF-8"?>
<testsuite name="sample.SampleTests" tests="1" skipped="0" failures="0" errors="0" timestamp="2019-03-03T09:16:11" hostname="jens-desktop" time="0.016">
  <properties/>
  <testcase name="testMe" classname="sample.SampleTests" time="0.016"/>
  <system-out><![CDATA[]]></system-out>
  <system-err><![CDATA[]]></system-err>
</testsuite>
