<?xml version="1.0" encoding="UTF-8"?>
<testsuite name="sample.SampleTestsJVM" tests="1" skipped="0" failures="0" errors="0" timestamp="2019-03-02T23:59:55" hostname="jens-desktop" time="0.009">
  <properties/>
  <testcase name="testHello" classname="sample.SampleTestsJVM" time="0.009"/>
  <system-out><![CDATA[]]></system-out>
  <system-err><![CDATA[]]></system-err>
</testsuite>
